This file contains any messages produced by compilers while
running configure, to aid debugging if configure makes a mistake.

It was created by Arm_Simulator configure 1.4, which was
generated by GNU Autoconf 2.69.  Invocation command line was

  $ ./configure CFLAGS=-Wall -Werror -g

## --------- ##
## Platform. ##
## --------- ##

hostname = DESKTOP-CJH2GE8
uname -m = x86_64
uname -r = 4.4.0-18362-Microsoft
uname -s = Linux
uname -v = #1049-Microsoft Thu Aug 14 12:01:00 PST 2020

/usr/bin/uname -p = x86_64
/bin/uname -X     = unknown

/bin/arch              = x86_64
/usr/bin/arch -k       = unknown
/usr/convex/getsysinfo = unknown
/usr/bin/hostinfo      = unknown
/bin/machine           = unknown
/usr/bin/oslevel       = unknown
/bin/universe          = unknown

PATH: /usr/local/sbin
PATH: /usr/local/bin
PATH: /usr/sbin
PATH: /usr/bin
PATH: /sbin
PATH: /bin
PATH: /usr/games
PATH: /usr/local/games
PATH: /mnt/c/Program Files/WindowsApps/CanonicalGroupLimited.UbuntuonWindows_2004.2020.812.0_x64__79rhkp1fndgsc
PATH: /mnt/d/Qt/Tools/mingw530_32/bin
PATH: /mnt/d/Qt/5.11.2/mingw53_32/bin
PATH: /mnt/c/Program Files (x86)/NVIDIA Corporation/PhysX/Common
PATH: /mnt/c/Program Files (x86)/Common Files/Oracle/Java/javapath
PATH: /mnt/c/Windows/system32
PATH: /mnt/c/Windows
PATH: /mnt/c/Windows/System32/Wbem
PATH: /mnt/c/Windows/System32/WindowsPowerShell/v1.0/
PATH: /mnt/c/Windows/System32/OpenSSH/
PATH: /mnt/c/Program Files (x86)/Microsoft SQL Server/110/Tools/Binn/
PATH: /mnt/c/Program Files/Microsoft SQL Server/110/Tools/Binn/
PATH: /mnt/c/Program Files/Microsoft SQL Server/110/DTS/Binn/
PATH: /mnt/c/Program Files (x86)/Universal Extractor
PATH: /mnt/c/Program Files (x86)/Universal Extractor/bin
PATH: /mnt/c/Program Files/PuTTY/
PATH: /mnt/c/Program Files/NVIDIA Corporation/NVIDIA NvDLISR
PATH: /mnt/c/WINDOWS/system32
PATH: /mnt/c/WINDOWS
PATH: /mnt/c/WINDOWS/System32/Wbem
PATH: /mnt/c/WINDOWS/System32/WindowsPowerShell/v1.0/
PATH: /mnt/c/WINDOWS/System32/OpenSSH/
PATH: /mnt/c/Program Files/Git/cmd
PATH: /mnt/c/MinGW/bin
PATH: /mnt/c/MinGW/msys/1.0/bin
PATH: /mnt/d/Program Files (x86)/GNU Arm Embedded Toolchain/10 2020-q4-major/bin
PATH: /mnt/c/Users/vince/AppData/Local/Programs/Python/Python36-32/Scripts/
PATH: /mnt/c/Users/vince/AppData/Local/Programs/Python/Python36-32/
PATH: /mnt/c/Users/vince/AppData/Local/Microsoft/WindowsApps
PATH: /mnt/d/Users/vince/AppData/Local/Programs/MiKTeX 2.9/miktex/bin/x64/
PATH: /mnt/c/Program Files (x86)/Nmap
PATH: /mnt/d/Users/vince/AppData/Local/Programs/Microsoft VS Code/bin
PATH: /snap/bin


## ----------- ##
## Core tests. ##
## ----------- ##

configure:2406: checking for a BSD-compatible install
configure:2474: result: /usr/bin/install -c
configure:2485: checking whether build environment is sane
configure:2540: result: yes
configure:2689: checking for a thread-safe mkdir -p
configure:2728: result: /usr/bin/mkdir -p
configure:2735: checking for gawk
configure:2751: found /usr/bin/gawk
configure:2762: result: gawk
configure:2773: checking whether make sets $(MAKE)
configure:2795: result: yes

## ---------------- ##
## Cache variables. ##
## ---------------- ##

ac_cv_env_CCASFLAGS_set=
ac_cv_env_CCASFLAGS_value=
ac_cv_env_CCAS_set=
ac_cv_env_CCAS_value=
ac_cv_env_CC_set=
ac_cv_env_CC_value=
ac_cv_env_CFLAGS_set=set
ac_cv_env_CFLAGS_value='-Wall -Werror -g'
ac_cv_env_CPPFLAGS_set=
ac_cv_env_CPPFLAGS_value=
ac_cv_env_CPP_set=
ac_cv_env_CPP_value=
ac_cv_env_LDFLAGS_set=
ac_cv_env_LDFLAGS_value=
ac_cv_env_LIBS_set=
ac_cv_env_LIBS_value=
ac_cv_env_build_alias_set=
ac_cv_env_build_alias_value=
ac_cv_env_host_alias_set=
ac_cv_env_host_alias_value=
ac_cv_env_target_alias_set=
ac_cv_env_target_alias_value=
ac_cv_path_install='/usr/bin/install -c'
ac_cv_path_mkdir=/usr/bin/mkdir
ac_cv_prog_AWK=gawk
ac_cv_prog_make_make_set=yes

## ----------------- ##
## Output variables. ##
## ----------------- ##

ACLOCAL=''
AMDEPBACKSLASH=''
AMDEP_FALSE=''
AMDEP_TRUE=''
AMTAR=''
AM_BACKSLASH=''
AM_DEFAULT_V=''
AM_DEFAULT_VERBOSITY=''
AM_V=''
AUTOCONF=''
AUTOHEADER=''
AUTOMAKE=''
AWK='gawk'
CC=''
CCAS=''
CCASDEPMODE=''
CCASFLAGS=''
CCDEPMODE=''
CFLAGS='-Wall -Werror -g'
CPP=''
CPPFLAGS=''
CYGPATH_W=''
DEFS=''
DEPDIR=''
ECHO_C=''
ECHO_N='-n'
ECHO_T=''
EGREP=''
EXEEXT=''
GCC_CROSS=''
GREP=''
HAVE_ARM_COMPILER_FALSE=''
HAVE_ARM_COMPILER_TRUE=''
INSTALL_DATA='${INSTALL} -m 644'
INSTALL_PROGRAM='${INSTALL}'
INSTALL_SCRIPT='${INSTALL}'
INSTALL_STRIP_PROGRAM='$(install_sh) -c -s'
LDFLAGS=''
LEX=''
LEXLIB=''
LEX_OUTPUT_ROOT=''
LIBOBJS=''
LIBS=''
LTLIBOBJS=''
MAKEINFO=''
MKDIR_P='/usr/bin/mkdir -p'
OBJEXT=''
PACKAGE=''
PACKAGE_BUGREPORT='Guillaume.Huard@imag.fr'
PACKAGE_NAME='Arm_Simulator'
PACKAGE_STRING='Arm_Simulator 1.4'
PACKAGE_TARNAME='arm_simulator'
PACKAGE_URL=''
PACKAGE_VERSION='1.4'
PATH_SEPARATOR=':'
SET_MAKE=''
SHELL='/bin/bash'
STRIP=''
VERSION=''
ac_ct_CC=''
am__EXEEXT_FALSE=''
am__EXEEXT_TRUE=''
am__fastdepCCAS_FALSE=''
am__fastdepCCAS_TRUE=''
am__fastdepCC_FALSE=''
am__fastdepCC_TRUE=''
am__include=''
am__isrc=''
am__leading_dot=''
am__nodep=''
am__quote=''
am__tar=''
am__untar=''
bindir='${exec_prefix}/bin'
build_alias=''
datadir='${datarootdir}'
datarootdir='${prefix}/share'
docdir='${datarootdir}/doc/${PACKAGE_TARNAME}'
dvidir='${docdir}'
exec_prefix='NONE'
host_alias=''
htmldir='${docdir}'
includedir='${prefix}/include'
infodir='${datarootdir}/info'
install_sh='${SHELL} /home/vince/prog/build-aux/install-sh'
libdir='${exec_prefix}/lib'
libexecdir='${exec_prefix}/libexec'
localedir='${datarootdir}/locale'
localstatedir='${prefix}/var'
mandir='${datarootdir}/man'
mkdir_p=''
oldincludedir='/usr/include'
pdfdir='${docdir}'
prefix='NONE'
program_transform_name='s,x,x,'
psdir='${docdir}'
runstatedir='${localstatedir}/run'
sbindir='${exec_prefix}/sbin'
sharedstatedir='${prefix}/com'
sysconfdir='${prefix}/etc'
target_alias=''

## ----------- ##
## confdefs.h. ##
## ----------- ##

/* confdefs.h */
#define PACKAGE_NAME "Arm_Simulator"
#define PACKAGE_TARNAME "arm_simulator"
#define PACKAGE_VERSION "1.4"
#define PACKAGE_STRING "Arm_Simulator 1.4"
#define PACKAGE_BUGREPORT "Guillaume.Huard@imag.fr"
#define PACKAGE_URL ""

configure: caught signal 2
configure: exit 1
